PDBfit//0/29/traj.pdb 0.907677
PDBfit//1/40/traj.pdb 0.958131
PDBfit//1/66/traj.pdb 0.719357
PDBfit//1/71/traj.pdb 0.716857
PDBfit//2/5/traj.pdb 1.128970
PDBfit//2/6/traj.pdb 1.046658
PDBfit//2/40/traj.pdb 0.664275
PDBfit//2/43/traj.pdb 1.094862
PDBfit//2/55/traj.pdb 1.088124
PDBfit//3/24/traj.pdb 1.239793
PDBfit//3/85/traj.pdb 0.902315
PDBfit//4/66/traj.pdb 0.661123
PDBfit//5/44/traj.pdb 0.929345
PDBfit//6/12/traj.pdb 0.906563
PDBfit//6/21/traj.pdb 1.450299
PDBfit//6/23/traj.pdb 1.173673
PDBfit//6/27/traj.pdb 0.931067
PDBfit//6/65/traj.pdb 0.975978
PDBfit//6/97/traj.pdb 0.804112
PDBfit//7/4/traj.pdb 1.043005
PDBfit//7/17/traj.pdb 1.012051
PDBfit//7/24/traj.pdb 1.329064
PDBfit//7/32/traj.pdb 1.111786
PDBfit//7/46/traj.pdb 1.171781
PDBfit//7/81/traj.pdb 0.688180
PDBfit//8/17/traj.pdb 0.665216
PDBfit//8/33/traj.pdb 0.687551
PDBfit//8/35/traj.pdb 0.885121
PDBfit//10/35/traj.pdb 1.719250
PDBfit//10/36/traj.pdb 0.565324
PDBfit//10/40/traj.pdb 1.070553
PDBfit//10/63/traj.pdb 1.189980
PDBfit//11/84/traj.pdb 0.855878
PDBfit//11/85/traj.pdb 0.669196
PDBfit//11/87/traj.pdb 1.445784
PDBfit//11/89/traj.pdb 0.690820
PDBfit//11/90/traj.pdb 0.903575
PDBfit//12/26/traj.pdb 0.564509
PDBfit//12/31/traj.pdb 0.730018
PDBfit//12/33/traj.pdb 1.045315
PDBfit//12/36/traj.pdb 0.940239
PDBfit//12/47/traj.pdb 1.234452
PDBfit//12/48/traj.pdb 0.937313
PDBfit//12/49/traj.pdb 0.579764
PDBfit//16/3/traj.pdb 0.726037
PDBfit//16/8/traj.pdb 1.003347
PDBfit//16/9/traj.pdb 0.815866
PDBfit//16/10/traj.pdb 0.957824
PDBfit//16/12/traj.pdb 0.886365
PDBfit//16/13/traj.pdb 1.251588
PDBfit//16/17/traj.pdb 0.572686
PDBfit//16/20/traj.pdb 1.495212
PDBfit//16/21/traj.pdb 0.930843
PDBfit//16/23/traj.pdb 0.936827
PDBfit//16/25/traj.pdb 0.772194
PDBfit//16/26/traj.pdb 1.250652
PDBfit//16/31/traj.pdb 0.809020
PDBfit//16/95/traj.pdb 0.902188
PDBfit//18/53/traj.pdb 1.102982
PDBfit//20/15/traj.pdb 1.112811
PDBfit//20/30/traj.pdb 0.904588
PDBfit//22/44/traj.pdb 0.999169
PDBfit//22/45/traj.pdb 0.751216
PDBfit//22/46/traj.pdb 1.317205
PDBfit//22/47/traj.pdb 0.920012
PDBfit//22/84/traj.pdb 1.181979
PDBfit//22/86/traj.pdb 0.992379
PDBfit//24/8/traj.pdb 1.000359
PDBfit//24/74/traj.pdb 0.775706
PDBfit//24/76/traj.pdb 0.703751
PDBfit//25/42/traj.pdb 0.777511
PDBfit//25/45/traj.pdb 0.687069
PDBfit//26/44/traj.pdb 0.887656
PDBfit//26/65/traj.pdb 0.992353
PDBfit//27/54/traj.pdb 0.981917
PDBfit//27/63/traj.pdb 0.749009
PDBfit//27/82/traj.pdb 1.278022
PDBfit//27/89/traj.pdb 1.351152
PDBfit//28/5/traj.pdb 1.121368
PDBfit//28/46/traj.pdb 0.784335
PDBfit//30/26/traj.pdb 0.900571
PDBfit//30/36/traj.pdb 1.163518
PDBfit//30/38/traj.pdb 0.936756
PDBfit//30/97/traj.pdb 1.473350
PDBfit//31/1/traj.pdb 1.026077
PDBfit//31/89/traj.pdb 1.245255
PDBfit//32/2/traj.pdb 1.033145
PDBfit//32/4/traj.pdb 1.250632
PDBfit//32/6/traj.pdb 0.794569
PDBfit//32/7/traj.pdb 1.098468
PDBfit//32/8/traj.pdb 0.954884
PDBfit//32/53/traj.pdb 0.794563
PDBfit//32/58/traj.pdb 1.122749
PDBfit//33/29/traj.pdb 0.761058
PDBfit//33/30/traj.pdb 0.852328
PDBfit//33/75/traj.pdb 1.079918
PDBfit//33/79/traj.pdb 0.731819
PDBfit//33/80/traj.pdb 0.817690
PDBfit//33/81/traj.pdb 0.984738
PDBfit//33/98/traj.pdb 1.013698
PDBfit//33/99/traj.pdb 0.778267
PDBfit//35/32/traj.pdb 0.687027
PDBfit//35/80/traj.pdb 0.995085
PDBfit//38/0/traj.pdb 1.106504
PDBfit//38/16/traj.pdb 1.109044
PDBfit//38/20/traj.pdb 0.935670
PDBfit//38/33/traj.pdb 1.277270
PDBfit//38/60/traj.pdb 1.004947
PDBfit//38/63/traj.pdb 0.822090
PDBfit//38/64/traj.pdb 1.021411
PDBfit//38/67/traj.pdb 1.227680
PDBfit//38/69/traj.pdb 0.605167
PDBfit//39/43/traj.pdb 0.786834
PDBfit//39/49/traj.pdb 0.940676
PDBfit//39/52/traj.pdb 0.880815
PDBfit//39/77/traj.pdb 1.468389
PDBfit//40/80/traj.pdb 0.997445
PDBfit//40/81/traj.pdb 0.965701
PDBfit//40/82/traj.pdb 0.980961
PDBfit//40/89/traj.pdb 0.743677
PDBfit//40/92/traj.pdb 1.031107
PDBfit//43/57/traj.pdb 1.025073
PDBfit//43/58/traj.pdb 0.935239
PDBfit//43/61/traj.pdb 0.869123
PDBfit//43/93/traj.pdb 0.804754
PDBfit//44/63/traj.pdb 0.919333
PDBfit//44/64/traj.pdb 0.689047
PDBfit//44/83/traj.pdb 1.063217
PDBfit//45/35/traj.pdb 0.716283
PDBfit//45/76/traj.pdb 0.838410
PDBfit//45/77/traj.pdb 0.990565
PDBfit//46/93/traj.pdb 0.750653
PDBfit//48/86/traj.pdb 1.312247
PDBfit//57/96/traj.pdb 0.783685
PDBfit//67/63/traj.pdb 0.849814
PDBfit//75/70/traj.pdb 1.162536
PDBfit//76/20/traj.pdb 1.011378
PDBfit//76/85/traj.pdb 0.742657
PDBfit//76/92/traj.pdb 1.053383
PDBfit//77/1/traj.pdb 0.660639
PDBfit//77/3/traj.pdb 1.084219
PDBfit//78/1/traj.pdb 1.152864
PDBfit//78/50/traj.pdb 1.134188
PDBfit//82/3/traj.pdb 1.002086
PDBfit//82/16/traj.pdb 1.158924
PDBfit//82/39/traj.pdb 0.896820
PDBfit//84/74/traj.pdb 0.600937
PDBfit//85/18/traj.pdb 1.334367
PDBfit//85/87/traj.pdb 1.137469
PDBfit//86/0/traj.pdb 0.864124
PDBfit//86/8/traj.pdb 0.959568
PDBfit//86/17/traj.pdb 0.927875
PDBfit//86/23/traj.pdb 1.005759
PDBfit//86/24/traj.pdb 1.082307
PDBfit//88/5/traj.pdb 1.198894
PDBfit//88/20/traj.pdb 1.170035
PDBfit//88/53/traj.pdb 0.768350
PDBfit//89/11/traj.pdb 0.769829
PDBfit//89/12/traj.pdb 1.016421
PDBfit//89/96/traj.pdb 0.670715
PDBfit//90/0/traj.pdb 1.176353
PDBfit//90/1/traj.pdb 0.966988
PDBfit//90/2/traj.pdb 0.987394
PDBfit//90/9/traj.pdb 0.678700
PDBfit//90/11/traj.pdb 1.160997
PDBfit//90/63/traj.pdb 0.927290
PDBfit//90/83/traj.pdb 1.145408
PDBfit//92/52/traj.pdb 1.241143
PDBfit//92/54/traj.pdb 0.779598
PDBfit//92/67/traj.pdb 0.905129
PDBfit//92/73/traj.pdb 0.749615
PDBfit//94/78/traj.pdb 0.818532
PDBfit//94/92/traj.pdb 0.816640
PDBfit//95/15/traj.pdb 0.916360
PDBfit//96/17/traj.pdb 1.078237
PDBfit//96/41/traj.pdb 0.960270
PDBfit//97/21/traj.pdb 0.826894
PDBfit//97/56/traj.pdb 0.679688
PDBfit//99/12/traj.pdb 0.729982
PDBfit//100/16/traj.pdb 1.273459
PDBfit//100/48/traj.pdb 1.226621
PDBfit//100/49/traj.pdb 0.752712
PDBfit//101/22/traj.pdb 0.860791
PDBfit//101/31/traj.pdb 0.997479
PDBfit//101/34/traj.pdb 0.731821
PDBfit//101/46/traj.pdb 0.968984
PDBfit//101/61/traj.pdb 0.987893
PDBfit//101/68/traj.pdb 1.226017
PDBfit//101/69/traj.pdb 0.837044
PDBfit//101/71/traj.pdb 0.738237
PDBfit//101/99/traj.pdb 0.866489
PDBfit//102/38/traj.pdb 1.587316
PDBfit//102/53/traj.pdb 1.294871
PDBfit//102/64/traj.pdb 0.718945
PDBfit//102/71/traj.pdb 0.651611
PDBfit//102/82/traj.pdb 0.902868
PDBfit//103/52/traj.pdb 0.856493
PDBfit//103/53/traj.pdb 1.103293
PDBfit//103/66/traj.pdb 0.936344
PDBfit//104/61/traj.pdb 1.046147
PDBfit//104/63/traj.pdb 1.152385
PDBfit//104/72/traj.pdb 0.688735
PDBfit//104/74/traj.pdb 1.061628
PDBfit//105/5/traj.pdb 0.738294
PDBfit//105/41/traj.pdb 0.892213
PDBfit//105/50/traj.pdb 0.574516
PDBfit//105/53/traj.pdb 1.273641
PDBfit//106/62/traj.pdb 1.096403
PDBfit//107/48/traj.pdb 1.189270
PDBfit//107/56/traj.pdb 1.146137
PDBfit//107/92/traj.pdb 1.027430
PDBfit//109/2/traj.pdb 0.898297
PDBfit//109/8/traj.pdb 1.153418
PDBfit//109/41/traj.pdb 1.208902
PDBfit//110/27/traj.pdb 0.869622
PDBfit//111/31/traj.pdb 0.838911
PDBfit//111/84/traj.pdb 0.976893
PDBfit//111/92/traj.pdb 0.807553
PDBfit//111/93/traj.pdb 0.954798
PDBfit//123/12/traj.pdb 0.831941
PDBfit//123/13/traj.pdb 1.016402
PDBfit//123/37/traj.pdb 1.039739
PDBfit//123/38/traj.pdb 0.870932
PDBfit//123/44/traj.pdb 1.323490
PDBfit//124/41/traj.pdb 1.021061
PDBfit//124/96/traj.pdb 1.175091
PDBfit//125/8/traj.pdb 1.297690
PDBfit//125/72/traj.pdb 1.128711
PDBfit//125/74/traj.pdb 0.590651
PDBfit//127/18/traj.pdb 0.814894
PDBfit//127/84/traj.pdb 1.841172
PDBfit//127/86/traj.pdb 1.429160
PDBfit//128/68/traj.pdb 1.194706
PDBfit//129/5/traj.pdb 1.010356
PDBfit//129/16/traj.pdb 1.041954
PDBfit//129/19/traj.pdb 0.703737
PDBfit//129/46/traj.pdb 1.256829
PDBfit//129/48/traj.pdb 0.946152
PDBfit//129/98/traj.pdb 1.027236
PDBfit//130/12/traj.pdb 0.953770
PDBfit//130/39/traj.pdb 0.986507
PDBfit//130/41/traj.pdb 0.969882
PDBfit//132/11/traj.pdb 0.741336
PDBfit//133/94/traj.pdb 0.839530
PDBfit//133/95/traj.pdb 1.241824
PDBfit//134/60/traj.pdb 0.790293
PDBfit//134/62/traj.pdb 0.873758
PDBfit//134/64/traj.pdb 0.718481
PDBfit//134/66/traj.pdb 0.810587
PDBfit//134/67/traj.pdb 0.995953
PDBfit//136/6/traj.pdb 0.661708
PDBfit//136/9/traj.pdb 1.014864
PDBfit//136/14/traj.pdb 0.772012
PDBfit//136/66/traj.pdb 1.157856
PDBfit//137/27/traj.pdb 1.121125
PDBfit//137/30/traj.pdb 0.590171
PDBfit//137/66/traj.pdb 0.663226
PDBfit//138/63/traj.pdb 0.977994
PDBfit//139/5/traj.pdb 0.873335
PDBfit//139/7/traj.pdb 0.975398
PDBfit//143/0/traj.pdb 0.533046
PDBfit//144/1/traj.pdb 1.107534
PDBfit//144/23/traj.pdb 0.933713
PDBfit//144/64/traj.pdb 0.974631
PDBfit//144/70/traj.pdb 1.003042
PDBfit//145/27/traj.pdb 0.948233
PDBfit//145/38/traj.pdb 1.645259
PDBfit//145/97/traj.pdb 0.965731
PDBfit//146/6/traj.pdb 1.155300
PDBfit//146/79/traj.pdb 0.807846
PDBfit//146/83/traj.pdb 1.022935
PDBfit//146/99/traj.pdb 0.943788
PDBfit//147/11/traj.pdb 0.924158
PDBfit//147/23/traj.pdb 1.082982
PDBfit//147/25/traj.pdb 0.785260
PDBfit//147/34/traj.pdb 0.931948
PDBfit//147/37/traj.pdb 1.099153
PDBfit//147/40/traj.pdb 0.727423
PDBfit//148/32/traj.pdb 0.957912
PDBfit//149/83/traj.pdb 0.734730
PDBfit//150/0/traj.pdb 0.650213
PDBfit//150/11/traj.pdb 0.753371
PDBfit//150/61/traj.pdb 0.724602
PDBfit//150/89/traj.pdb 1.012611
PDBfit//150/90/traj.pdb 0.658004
PDBfit//151/29/traj.pdb 1.151039
PDBfit//151/65/traj.pdb 0.794526
PDBfit//151/91/traj.pdb 1.092759
PDBfit//152/4/traj.pdb 0.887984
PDBfit//152/16/traj.pdb 0.885891
PDBfit//153/12/traj.pdb 1.126933
PDBfit//153/64/traj.pdb 1.003200
PDBfit//154/62/traj.pdb 0.955254
PDBfit//154/91/traj.pdb 0.847486
PDBfit//154/92/traj.pdb 1.249469
PDBfit//155/1/traj.pdb 0.929469
PDBfit//155/17/traj.pdb 0.852030
PDBfit//155/37/traj.pdb 0.979046
PDBfit//155/76/traj.pdb 1.295403
PDBfit//155/99/traj.pdb 0.735874
PDBfit//156/0/traj.pdb 0.887990
PDBfit//156/27/traj.pdb 1.157260
PDBfit//156/35/traj.pdb 1.018367
PDBfit//156/66/traj.pdb 0.837604
PDBfit//159/92/traj.pdb 0.778978
PDBfit//161/50/traj.pdb 0.890431
PDBfit//164/55/traj.pdb 0.852912
PDBfit//164/60/traj.pdb 0.855465
PDBfit//164/65/traj.pdb 0.825996
PDBfit//164/66/traj.pdb 0.746952
PDBfit//165/16/traj.pdb 1.014814
PDBfit//165/20/traj.pdb 0.830980
PDBfit//166/12/traj.pdb 0.825037
PDBfit//166/13/traj.pdb 1.219619
PDBfit//166/49/traj.pdb 0.845311
PDBfit//166/77/traj.pdb 1.107516
PDBfit//166/78/traj.pdb 0.795571
PDBfit//167/12/traj.pdb 0.537588
PDBfit//167/46/traj.pdb 0.917185
PDBfit//167/48/traj.pdb 0.654355
PDBfit//167/61/traj.pdb 0.850663
PDBfit//167/62/traj.pdb 0.696325
PDBfit//167/99/traj.pdb 1.011043
PDBfit//168/0/traj.pdb 1.090496
PDBfit//168/67/traj.pdb 1.067879
PDBfit//168/97/traj.pdb 0.796935
PDBfit//169/2/traj.pdb 0.965038
PDBfit//169/16/traj.pdb 1.299869
PDBfit//169/44/traj.pdb 0.918194
PDBfit//169/72/traj.pdb 0.593167
PDBfit//169/74/traj.pdb 1.078749
PDBfit//169/76/traj.pdb 0.709035
PDBfit//170/40/traj.pdb 1.179968
PDBfit//170/76/traj.pdb 1.226839
PDBfit//171/68/traj.pdb 0.669608
PDBfit//171/73/traj.pdb 1.046967
PDBfit//172/26/traj.pdb 0.901959
PDBfit//172/29/traj.pdb 1.219533
PDBfit//172/63/traj.pdb 0.991195
PDBfit//172/90/traj.pdb 0.711688
PDBfit//173/31/traj.pdb 1.291864
PDBfit//173/34/traj.pdb 0.831492
PDBfit//174/80/traj.pdb 0.939722
PDBfit//174/86/traj.pdb 1.321684
PDBfit//174/87/traj.pdb 1.037287
PDBfit//174/88/traj.pdb 1.403750
PDBfit//174/90/traj.pdb 0.809035
PDBfit//175/11/traj.pdb 0.867962
PDBfit//175/12/traj.pdb 1.286804
PDBfit//175/15/traj.pdb 1.462759
PDBfit//175/16/traj.pdb 0.953046
PDBfit//175/60/traj.pdb 0.578394
PDBfit//175/61/traj.pdb 0.821216
PDBfit//175/63/traj.pdb 0.693193
PDBfit//176/46/traj.pdb 0.904430
PDBfit//176/93/traj.pdb 0.916463
PDBfit//176/96/traj.pdb 1.041356
PDBfit//177/2/traj.pdb 0.660522
PDBfit//177/6/traj.pdb 1.097545
PDBfit//177/7/traj.pdb 0.859288
PDBfit//177/46/traj.pdb 0.833642
PDBfit//177/47/traj.pdb 0.760951
PDBfit//178/71/traj.pdb 0.842520
PDBfit//179/32/traj.pdb 0.825996
PDBfit//179/36/traj.pdb 0.789367
PDBfit//179/38/traj.pdb 0.500859
PDBfit//179/40/traj.pdb 0.803175
PDBfit//179/72/traj.pdb 0.757709
PDBfit//179/73/traj.pdb 1.015028
PDBfit//179/74/traj.pdb 0.692204
PDBfit//180/86/traj.pdb 0.798752
PDBfit//180/87/traj.pdb 0.963880
PDBfit//180/88/traj.pdb 1.190768
PDBfit//180/89/traj.pdb 0.879038
PDBfit//181/15/traj.pdb 0.783080
PDBfit//181/19/traj.pdb 0.718755
PDBfit//183/10/traj.pdb 0.846712
PDBfit//184/8/traj.pdb 0.659922
PDBfit//184/9/traj.pdb 0.924494
PDBfit//184/45/traj.pdb 1.049908
PDBfit//184/79/traj.pdb 1.069156
PDBfit//184/94/traj.pdb 1.156214
PDBfit//184/96/traj.pdb 0.801652
PDBfit//185/29/traj.pdb 0.995804
PDBfit//185/30/traj.pdb 1.005590
PDBfit//186/47/traj.pdb 1.122183
PDBfit//187/6/traj.pdb 0.969724
PDBfit//187/8/traj.pdb 0.953207
PDBfit//187/15/traj.pdb 0.753308
PDBfit//187/50/traj.pdb 0.788632
PDBfit//187/97/traj.pdb 1.245598
PDBfit//188/24/traj.pdb 1.617830
PDBfit//188/57/traj.pdb 0.654324
PDBfit//188/69/traj.pdb 0.739914
PDBfit//188/72/traj.pdb 1.066031
PDBfit//188/74/traj.pdb 0.987333
PDBfit//188/91/traj.pdb 0.585511
PDBfit//189/29/traj.pdb 0.625647
PDBfit//189/50/traj.pdb 1.268740
PDBfit//189/51/traj.pdb 1.026683
PDBfit//189/52/traj.pdb 0.689520
PDBfit//189/54/traj.pdb 0.976307
PDBfit//189/77/traj.pdb 1.141742
PDBfit//190/20/traj.pdb 0.713615
PDBfit//190/29/traj.pdb 1.179287
PDBfit//190/39/traj.pdb 1.401496
PDBfit//190/59/traj.pdb 1.376521
PDBfit//190/60/traj.pdb 1.178828
PDBfit//190/69/traj.pdb 1.260714
PDBfit//190/93/traj.pdb 0.875743
PDBfit//191/41/traj.pdb 0.622185
PDBfit//191/44/traj.pdb 1.113639
PDBfit//191/45/traj.pdb 0.733410
PDBfit//192/83/traj.pdb 0.947915
PDBfit//193/70/traj.pdb 0.897145
PDBfit//194/0/traj.pdb 1.107534
PDBfit//194/22/traj.pdb 0.933713
PDBfit//194/63/traj.pdb 0.974631
PDBfit//194/69/traj.pdb 1.003042
PDBfit//195/26/traj.pdb 0.948226
PDBfit//195/37/traj.pdb 1.645259
PDBfit//195/96/traj.pdb 0.965731
PDBfit//196/5/traj.pdb 1.155300
PDBfit//196/78/traj.pdb 0.807846
PDBfit//196/82/traj.pdb 1.022902
PDBfit//196/98/traj.pdb 0.943788
PDBfit//197/10/traj.pdb 0.924158
PDBfit//197/22/traj.pdb 1.082982
PDBfit//197/24/traj.pdb 0.785260
PDBfit//197/33/traj.pdb 0.931948
PDBfit//197/36/traj.pdb 1.099153
PDBfit//197/39/traj.pdb 0.727423
PDBfit//198/31/traj.pdb 0.957912
PDBfit//199/82/traj.pdb 0.734730
PDBfit//200/10/traj.pdb 1.300370
PDBfit//200/11/traj.pdb 0.813527
PDBfit//200/22/traj.pdb 0.939692
PDBfit//200/66/traj.pdb 0.894554
PDBfit//201/89/traj.pdb 0.791482
PDBfit//201/91/traj.pdb 0.748869
PDBfit//202/17/traj.pdb 0.978639
PDBfit//202/19/traj.pdb 0.999238
PDBfit//202/20/traj.pdb 0.775924
PDBfit//202/21/traj.pdb 0.771630
PDBfit//202/22/traj.pdb 1.317694
PDBfit//202/86/traj.pdb 1.209533
PDBfit//202/87/traj.pdb 0.618571
PDBfit//204/18/traj.pdb 1.299232
PDBfit//204/56/traj.pdb 0.915882
PDBfit//204/57/traj.pdb 1.123859
PDBfit//204/80/traj.pdb 1.073122
PDBfit//205/82/traj.pdb 1.113392
PDBfit//206/15/traj.pdb 0.967738
PDBfit//206/16/traj.pdb 0.777263
PDBfit//207/28/traj.pdb 1.122530
PDBfit//207/32/traj.pdb 0.931235
PDBfit//207/53/traj.pdb 1.131325
PDBfit//207/65/traj.pdb 0.722412
PDBfit//207/71/traj.pdb 0.905972
PDBfit//208/17/traj.pdb 0.774313
PDBfit//209/58/traj.pdb 1.065277
PDBfit//209/59/traj.pdb 1.016051
PDBfit//210/3/traj.pdb 0.955681
PDBfit//210/71/traj.pdb 0.666340
PDBfit//210/91/traj.pdb 0.872265
PDBfit//211/10/traj.pdb 0.742393
PDBfit//211/29/traj.pdb 0.761600
PDBfit//211/33/traj.pdb 1.313749
PDBfit//211/74/traj.pdb 0.960716
PDBfit//211/76/traj.pdb 0.965679
PDBfit//211/88/traj.pdb 0.948876
PDBfit//212/63/traj.pdb 0.862422
PDBfit//212/65/traj.pdb 0.968092
PDBfit//212/66/traj.pdb 0.901029
PDBfit//212/85/traj.pdb 1.366495
PDBfit//212/89/traj.pdb 1.119969
PDBfit//212/90/traj.pdb 0.872728
PDBfit//213/43/traj.pdb 1.047280
PDBfit//213/45/traj.pdb 0.803091
PDBfit//213/48/traj.pdb 0.946436
PDBfit//213/95/traj.pdb 0.620226
PDBfit//214/40/traj.pdb 0.932123
PDBfit//214/43/traj.pdb 1.172613
PDBfit//214/44/traj.pdb 0.776096
PDBfit//214/45/traj.pdb 1.705940
PDBfit//214/78/traj.pdb 1.206475
PDBfit//214/95/traj.pdb 0.870973
PDBfit//215/27/traj.pdb 1.095295
PDBfit//215/33/traj.pdb 0.875476
PDBfit//215/44/traj.pdb 0.791276
PDBfit//215/84/traj.pdb 0.854914
PDBfit//216/20/traj.pdb 0.964459
PDBfit//216/30/traj.pdb 0.692840
PDBfit//217/63/traj.pdb 0.844533
PDBfit//217/64/traj.pdb 1.006332
PDBfit//217/88/traj.pdb 0.721615
PDBfit//217/89/traj.pdb 0.771663
PDBfit//218/5/traj.pdb 1.179615
PDBfit//218/19/traj.pdb 1.092640
PDBfit//218/25/traj.pdb 0.898753
PDBfit//218/28/traj.pdb 1.050061
PDBfit//218/29/traj.pdb 1.174411
PDBfit//218/51/traj.pdb 0.918281
PDBfit//218/59/traj.pdb 0.827374
PDBfit//218/71/traj.pdb 1.251030
PDBfit//218/82/traj.pdb 0.844486
PDBfit//218/84/traj.pdb 0.882511
PDBfit//218/93/traj.pdb 1.072901
PDBfit//219/4/traj.pdb 1.346485
PDBfit//219/5/traj.pdb 0.918213
PDBfit//219/47/traj.pdb 0.869680
PDBfit//219/48/traj.pdb 0.970206
PDBfit//220/34/traj.pdb 0.772431
PDBfit//220/37/traj.pdb 0.594413
PDBfit//220/38/traj.pdb 0.846323
PDBfit//220/43/traj.pdb 1.063941
PDBfit//221/53/traj.pdb 0.978080
PDBfit//221/56/traj.pdb 1.176237
PDBfit//222/8/traj.pdb 1.033227
PDBfit//222/9/traj.pdb 1.190521
PDBfit//222/12/traj.pdb 0.684840
PDBfit//222/19/traj.pdb 0.898314
PDBfit//222/66/traj.pdb 0.967622
PDBfit//223/95/traj.pdb 1.265789
PDBfit//224/11/traj.pdb 0.857448
PDBfit//228/27/traj.pdb 1.084827
PDBfit//228/80/traj.pdb 0.803446
PDBfit//229/14/traj.pdb 0.956662
PDBfit//230/20/traj.pdb 0.968823
PDBfit//230/32/traj.pdb 1.209635
PDBfit//231/7/traj.pdb 1.008296
PDBfit//231/13/traj.pdb 0.832010
PDBfit//231/29/traj.pdb 0.709707
PDBfit//231/30/traj.pdb 0.925851
PDBfit//231/67/traj.pdb 0.621834
PDBfit//231/77/traj.pdb 1.293928
PDBfit//232/7/traj.pdb 0.883566
PDBfit//232/48/traj.pdb 1.071569
PDBfit//232/78/traj.pdb 1.058408
PDBfit//232/79/traj.pdb 0.764420
PDBfit//232/81/traj.pdb 0.963876
PDBfit//232/84/traj.pdb 1.133825
PDBfit//232/86/traj.pdb 0.858980
PDBfit//233/21/traj.pdb 0.953382
PDBfit//233/22/traj.pdb 1.078612
PDBfit//233/23/traj.pdb 0.941484
PDBfit//233/26/traj.pdb 0.631959
PDBfit//233/37/traj.pdb 0.691406
PDBfit//235/86/traj.pdb 1.022007
PDBfit//236/79/traj.pdb 0.925389
PDBfit//236/91/traj.pdb 0.799545
PDBfit//241/0/traj.pdb 1.360702
PDBfit//242/14/traj.pdb 0.997533
PDBfit//244/8/traj.pdb 1.237704
PDBfit//245/72/traj.pdb 0.871428
PDBfit//246/39/traj.pdb 0.806108
PDBfit//248/80/traj.pdb 1.162474
PDBfit//249/32/traj.pdb 1.108701
PDBfit//250/23/traj.pdb 1.047953
PDBfit//250/51/traj.pdb 0.800100
PDBfit//250/54/traj.pdb 0.460113
PDBfit//251/17/traj.pdb 1.491123
PDBfit//251/20/traj.pdb 0.867753
PDBfit//251/36/traj.pdb 0.909505
PDBfit//251/37/traj.pdb 0.703880
PDBfit//251/51/traj.pdb 1.417040
PDBfit//252/40/traj.pdb 0.978927
PDBfit//253/69/traj.pdb 0.876521
PDBfit//254/13/traj.pdb 1.043889
PDBfit//254/32/traj.pdb 0.602805
PDBfit//254/86/traj.pdb 1.137872
PDBfit//255/5/traj.pdb 0.968222
PDBfit//255/6/traj.pdb 0.805723
PDBfit//256/49/traj.pdb 0.951540
PDBfit//257/25/traj.pdb 1.072450
PDBfit//257/44/traj.pdb 0.650521
PDBfit//257/50/traj.pdb 1.179845
PDBfit//257/51/traj.pdb 0.814158
PDBfit//257/59/traj.pdb 1.016070
PDBfit//257/96/traj.pdb 0.903562
PDBfit//258/17/traj.pdb 0.925041
PDBfit//258/32/traj.pdb 1.362059
PDBfit//258/33/traj.pdb 1.213429
PDBfit//258/45/traj.pdb 1.033186
PDBfit//258/50/traj.pdb 1.015664
PDBfit//258/59/traj.pdb 0.892153
PDBfit//258/61/traj.pdb 1.134616
PDBfit//258/91/traj.pdb 1.013525
PDBfit//259/24/traj.pdb 1.048890
PDBfit//259/78/traj.pdb 0.819321
PDBfit//259/98/traj.pdb 0.653410
PDBfit//260/16/traj.pdb 1.141061
PDBfit//260/17/traj.pdb 1.068502
PDBfit//260/18/traj.pdb 1.036741
PDBfit//260/21/traj.pdb 1.349311
PDBfit//260/24/traj.pdb 1.378678
PDBfit//260/51/traj.pdb 0.745539
PDBfit//261/61/traj.pdb 0.925720
PDBfit//262/86/traj.pdb 1.101112
PDBfit//262/89/traj.pdb 0.963567
PDBfit//262/94/traj.pdb 0.834614
PDBfit//262/96/traj.pdb 0.845606
PDBfit//263/6/traj.pdb 1.094391
PDBfit//263/49/traj.pdb 1.137840
PDBfit//264/24/traj.pdb 1.105666
PDBfit//264/74/traj.pdb 0.893602
PDBfit//264/75/traj.pdb 0.591660
PDBfit//264/86/traj.pdb 1.377072
PDBfit//265/39/traj.pdb 0.809703
PDBfit//265/80/traj.pdb 0.990401
PDBfit//265/99/traj.pdb 0.795937
PDBfit//266/0/traj.pdb 1.209804
PDBfit//266/41/traj.pdb 0.892839
PDBfit//266/58/traj.pdb 0.900937
PDBfit//266/60/traj.pdb 0.946565
PDBfit//266/63/traj.pdb 1.315097
PDBfit//266/65/traj.pdb 0.824156
PDBfit//266/72/traj.pdb 0.998425
PDBfit//266/74/traj.pdb 0.811838
PDBfit//267/6/traj.pdb 1.347099
PDBfit//267/11/traj.pdb 0.671597
PDBfit//267/85/traj.pdb 0.945742
PDBfit//269/9/traj.pdb 0.543586
PDBfit//269/11/traj.pdb 0.941554
PDBfit//269/21/traj.pdb 1.173274
PDBfit//269/48/traj.pdb 1.131500
PDBfit//269/78/traj.pdb 0.873943
PDBfit//270/43/traj.pdb 1.075027
PDBfit//271/56/traj.pdb 0.987113
PDBfit//272/49/traj.pdb 1.084885
PDBfit//272/93/traj.pdb 1.104085
PDBfit//273/60/traj.pdb 1.000265
PDBfit//275/13/traj.pdb 0.900019
PDBfit//275/14/traj.pdb 0.777606
PDBfit//275/16/traj.pdb 0.709744
PDBfit//275/18/traj.pdb 0.836447
PDBfit//275/21/traj.pdb 1.073050
PDBfit//276/73/traj.pdb 1.037402
PDBfit//276/77/traj.pdb 0.903366
PDBfit//276/82/traj.pdb 0.868732
PDBfit//277/56/traj.pdb 1.090582
PDBfit//278/30/traj.pdb 0.920350
PDBfit//279/68/traj.pdb 0.753944
PDBfit//280/4/traj.pdb 1.137408
PDBfit//280/39/traj.pdb 0.922093
PDBfit//282/94/traj.pdb 1.235284
PDBfit//283/98/traj.pdb 0.803402
PDBfit//284/22/traj.pdb 0.737288
PDBfit//284/25/traj.pdb 0.837217
PDBfit//284/31/traj.pdb 0.756205
PDBfit//284/32/traj.pdb 1.178679
PDBfit//284/36/traj.pdb 0.786820
PDBfit//285/24/traj.pdb 0.860342
PDBfit//285/43/traj.pdb 0.784014
PDBfit//285/44/traj.pdb 0.776294
PDBfit//285/61/traj.pdb 1.121595
PDBfit//285/76/traj.pdb 1.105254
PDBfit//285/80/traj.pdb 0.657418
PDBfit//286/63/traj.pdb 0.974109
PDBfit//286/72/traj.pdb 0.788184
PDBfit//287/66/traj.pdb 0.769196
PDBfit//287/68/traj.pdb 0.925744
PDBfit//287/69/traj.pdb 0.729465
PDBfit//287/70/traj.pdb 0.885841
PDBfit//287/99/traj.pdb 0.962323
PDBfit//288/2/traj.pdb 1.103795
PDBfit//288/15/traj.pdb 1.011935
PDBfit//289/10/traj.pdb 1.294077
PDBfit//289/78/traj.pdb 0.770643
PDBfit//290/78/traj.pdb 1.039622
PDBfit//290/88/traj.pdb 1.323613
PDBfit//291/3/traj.pdb 0.893543
PDBfit//292/22/traj.pdb 0.614591
PDBfit//293/38/traj.pdb 0.774058
PDBfit//293/67/traj.pdb 0.908182
PDBfit//293/71/traj.pdb 0.815816
PDBfit//295/32/traj.pdb 0.849404
PDBfit//295/33/traj.pdb 0.628582
PDBfit//295/52/traj.pdb 0.719665
PDBfit//296/48/traj.pdb 1.062440
PDBfit//300/5/traj.pdb 1.105120
PDBfit//300/6/traj.pdb 1.201269
PDBfit//300/16/traj.pdb 1.445170
PDBfit//300/32/traj.pdb 1.042012
PDBfit//300/50/traj.pdb 0.823687
PDBfit//300/53/traj.pdb 1.162258
PDBfit//300/89/traj.pdb 0.881472
PDBfit//303/14/traj.pdb 0.640310
PDBfit//303/65/traj.pdb 0.932962
PDBfit//303/79/traj.pdb 0.759148
PDBfit//303/82/traj.pdb 0.595457
PDBfit//303/84/traj.pdb 0.729720
PDBfit//303/85/traj.pdb 1.017753
PDBfit//303/88/traj.pdb 0.900953
PDBfit//303/89/traj.pdb 1.459165
PDBfit//303/91/traj.pdb 0.755777
PDBfit//303/92/traj.pdb 1.016659
PDBfit//303/97/traj.pdb 0.698414
PDBfit//303/99/traj.pdb 0.680222
PDBfit//304/0/traj.pdb 1.555344
PDBfit//304/2/traj.pdb 1.322956
PDBfit//304/3/traj.pdb 1.199342
PDBfit//304/31/traj.pdb 1.345370
PDBfit//304/92/traj.pdb 1.155637
PDBfit//305/0/traj.pdb 0.644295
PDBfit//305/38/traj.pdb 0.660709
PDBfit//305/69/traj.pdb 0.859210
PDBfit//307/20/traj.pdb 1.065351
PDBfit//307/21/traj.pdb 1.068277
PDBfit//311/73/traj.pdb 1.229997
PDBfit//312/28/traj.pdb 1.242516
PDBfit//314/43/traj.pdb 0.842349
PDBfit//317/22/traj.pdb 1.019167
PDBfit//319/41/traj.pdb 1.360359
PDBfit//320/88/traj.pdb 0.910129
PDBfit//320/89/traj.pdb 0.849143
PDBfit//320/91/traj.pdb 1.165464
PDBfit//320/94/traj.pdb 1.054264
PDBfit//324/32/traj.pdb 1.011492
PDBfit//324/40/traj.pdb 1.291228
PDBfit//326/2/traj.pdb 0.993630
PDBfit//326/4/traj.pdb 1.396944
PDBfit//326/25/traj.pdb 1.055060
PDBfit//326/51/traj.pdb 1.222354
PDBfit//329/43/traj.pdb 1.065121
PDBfit//329/47/traj.pdb 1.047920
PDBfit//329/48/traj.pdb 0.926510
PDBfit//329/56/traj.pdb 1.054191
PDBfit//331/37/traj.pdb 0.934131
PDBfit//334/1/traj.pdb 0.833663
PDBfit//334/40/traj.pdb 0.866741
PDBfit//334/41/traj.pdb 1.039308
PDBfit//334/42/traj.pdb 1.044771
PDBfit//342/8/traj.pdb 0.996475
PDBfit//342/12/traj.pdb 0.717252
PDBfit//342/40/traj.pdb 0.858061
PDBfit//342/90/traj.pdb 0.858250
PDBfit//348/24/traj.pdb 0.708082
PDBfit//349/76/traj.pdb 1.171025
PDBfit//350/3/traj.pdb 1.207367
PDBfit//350/29/traj.pdb 0.809453
PDBfit//350/31/traj.pdb 0.826093
PDBfit//350/34/traj.pdb 0.732812
PDBfit//350/51/traj.pdb 0.978452
PDBfit//350/53/traj.pdb 1.113349
PDBfit//350/64/traj.pdb 1.089939
PDBfit//351/65/traj.pdb 0.916547
PDBfit//351/86/traj.pdb 0.667640
PDBfit//351/89/traj.pdb 0.546784
PDBfit//351/95/traj.pdb 1.166969
PDBfit//352/7/traj.pdb 0.702591
PDBfit//352/13/traj.pdb 1.186181
PDBfit//352/51/traj.pdb 0.794531
PDBfit//352/87/traj.pdb 0.930882
PDBfit//353/0/traj.pdb 1.096820
PDBfit//353/14/traj.pdb 1.236871
PDBfit//354/41/traj.pdb 0.855569
PDBfit//354/42/traj.pdb 0.887314
PDBfit//354/58/traj.pdb 0.918271
PDBfit//354/61/traj.pdb 1.181910
PDBfit//356/33/traj.pdb 1.185125
PDBfit//356/44/traj.pdb 0.926293
PDBfit//358/9/traj.pdb 0.925401
PDBfit//358/10/traj.pdb 0.680101
PDBfit//358/87/traj.pdb 0.940499
PDBfit//359/24/traj.pdb 0.760313
PDBfit//359/27/traj.pdb 0.706183
PDBfit//359/29/traj.pdb 1.117614
PDBfit//359/31/traj.pdb 0.770116
PDBfit//360/87/traj.pdb 0.865806
PDBfit//360/91/traj.pdb 0.597341
PDBfit//361/72/traj.pdb 0.944166
PDBfit//362/3/traj.pdb 0.737044
PDBfit//362/20/traj.pdb 0.701014
PDBfit//362/27/traj.pdb 0.861665
PDBfit//362/49/traj.pdb 1.020825
PDBfit//362/76/traj.pdb 1.358683
PDBfit//363/19/traj.pdb 0.780581
PDBfit//363/20/traj.pdb 0.865537
PDBfit//364/31/traj.pdb 1.092207
PDBfit//364/36/traj.pdb 0.809413
PDBfit//364/37/traj.pdb 0.837042
PDBfit//364/77/traj.pdb 1.041518
PDBfit//364/89/traj.pdb 0.798102
PDBfit//364/99/traj.pdb 0.978753
PDBfit//365/4/traj.pdb 0.819489
PDBfit//365/11/traj.pdb 0.721135
PDBfit//365/28/traj.pdb 0.804558
PDBfit//367/70/traj.pdb 1.222909
PDBfit//368/53/traj.pdb 1.162180
PDBfit//368/55/traj.pdb 1.232065
PDBfit//368/59/traj.pdb 0.835676
PDBfit//370/3/traj.pdb 1.435393
PDBfit//370/5/traj.pdb 0.744017
PDBfit//372/83/traj.pdb 0.721880
PDBfit//373/94/traj.pdb 0.855896
PDBfit//373/95/traj.pdb 0.872569
PDBfit//373/96/traj.pdb 1.086205
PDBfit//374/11/traj.pdb 0.787578
PDBfit//374/14/traj.pdb 0.594570
PDBfit//374/28/traj.pdb 1.411842
PDBfit//374/29/traj.pdb 1.625443
PDBfit//374/46/traj.pdb 0.929547
PDBfit//374/47/traj.pdb 0.531215
PDBfit//374/79/traj.pdb 0.769144
PDBfit//374/81/traj.pdb 0.907553
PDBfit//375/28/traj.pdb 0.781892
PDBfit//375/73/traj.pdb 0.963328
PDBfit//376/46/traj.pdb 0.719699
PDBfit//376/47/traj.pdb 0.971930
PDBfit//376/50/traj.pdb 1.078385
PDBfit//377/26/traj.pdb 1.240675
PDBfit//377/32/traj.pdb 1.022399
PDBfit//377/36/traj.pdb 1.049016
PDBfit//377/46/traj.pdb 1.061835
PDBfit//378/70/traj.pdb 0.765235
PDBfit//379/10/traj.pdb 0.937339
PDBfit//379/24/traj.pdb 0.705567
PDBfit//379/43/traj.pdb 1.071088
PDBfit//379/58/traj.pdb 1.419168
PDBfit//379/59/traj.pdb 0.929640
PDBfit//379/71/traj.pdb 0.678484
PDBfit//379/72/traj.pdb 0.788467
PDBfit//379/75/traj.pdb 1.005891
PDBfit//379/92/traj.pdb 0.965144
PDBfit//379/96/traj.pdb 0.844810
PDBfit//380/16/traj.pdb 0.769475
PDBfit//380/19/traj.pdb 0.767100
PDBfit//380/22/traj.pdb 1.369093
PDBfit//380/82/traj.pdb 0.674742
PDBfit//381/40/traj.pdb 0.879389
PDBfit//381/45/traj.pdb 0.744676
PDBfit//382/4/traj.pdb 0.679359
PDBfit//382/7/traj.pdb 1.108078
PDBfit//382/60/traj.pdb 0.855576
PDBfit//383/3/traj.pdb 0.968423
PDBfit//384/2/traj.pdb 0.700739
PDBfit//384/44/traj.pdb 1.399092
PDBfit//384/49/traj.pdb 0.738595
PDBfit//384/50/traj.pdb 0.976620
PDBfit//384/53/traj.pdb 0.879446
PDBfit//385/4/traj.pdb 0.732325
PDBfit//385/38/traj.pdb 1.171403
PDBfit//385/40/traj.pdb 0.977101
PDBfit//387/38/traj.pdb 0.829697
PDBfit//389/19/traj.pdb 0.685930
PDBfit//389/73/traj.pdb 0.981126
PDBfit//389/75/traj.pdb 0.952986
PDBfit//389/76/traj.pdb 0.859469
PDBfit//389/80/traj.pdb 0.679383
PDBfit//389/82/traj.pdb 0.719053
PDBfit//389/85/traj.pdb 1.128865
PDBfit//392/34/traj.pdb 0.822716
PDBfit//393/16/traj.pdb 0.843180
PDBfit//393/59/traj.pdb 1.162462
PDBfit//393/96/traj.pdb 1.107534
PDBfit//394/18/traj.pdb 0.933713
PDBfit//394/59/traj.pdb 0.974631
PDBfit//394/65/traj.pdb 1.003042
PDBfit//395/22/traj.pdb 0.948233
PDBfit//395/33/traj.pdb 1.645259
PDBfit//395/92/traj.pdb 0.965731
PDBfit//396/1/traj.pdb 1.155300
PDBfit//396/74/traj.pdb 0.807846
PDBfit//396/78/traj.pdb 1.022935
PDBfit//396/94/traj.pdb 0.943788
PDBfit//397/6/traj.pdb 0.924158
PDBfit//397/18/traj.pdb 1.082982
PDBfit//397/20/traj.pdb 0.785260
PDBfit//397/29/traj.pdb 0.931948
PDBfit//397/32/traj.pdb 1.099153
PDBfit//397/35/traj.pdb 0.727423
PDBfit//398/27/traj.pdb 0.957912
PDBfit//399/78/traj.pdb 0.734730
PDBfit//400/41/traj.pdb 0.609808
PDBfit//400/43/traj.pdb 0.839168
PDBfit//400/45/traj.pdb 0.494292
PDBfit//400/53/traj.pdb 0.701311
PDBfit//400/75/traj.pdb 0.837016
PDBfit//400/78/traj.pdb 1.006217
PDBfit//400/79/traj.pdb 0.924076
PDBfit//401/0/traj.pdb 0.809325
PDBfit//405/21/traj.pdb 0.779441
PDBfit//405/40/traj.pdb 1.207319
PDBfit//406/50/traj.pdb 0.951121
PDBfit//407/36/traj.pdb 0.863392
PDBfit//408/24/traj.pdb 0.707336
PDBfit//408/40/traj.pdb 0.666352
PDBfit//408/66/traj.pdb 1.157688
PDBfit//408/94/traj.pdb 0.919297
PDBfit//409/34/traj.pdb 0.747447
PDBfit//409/35/traj.pdb 0.844937
PDBfit//409/57/traj.pdb 0.819605
PDBfit//409/59/traj.pdb 1.216083
PDBfit//409/61/traj.pdb 0.729888
PDBfit//409/63/traj.pdb 0.675790
PDBfit//409/64/traj.pdb 0.840115
PDBfit//409/65/traj.pdb 0.956078
PDBfit//411/19/traj.pdb 0.622034
PDBfit//411/20/traj.pdb 1.259347
PDBfit//411/22/traj.pdb 0.768105
PDBfit//411/49/traj.pdb 0.847684
PDBfit//411/64/traj.pdb 0.817832
PDBfit//411/68/traj.pdb 0.737412
PDBfit//411/72/traj.pdb 0.754470
PDBfit//411/73/traj.pdb 0.551826
PDBfit//411/95/traj.pdb 1.224470
PDBfit//412/0/traj.pdb 1.169445
PDBfit//412/81/traj.pdb 0.730307
PDBfit//413/58/traj.pdb 0.943899
PDBfit//413/65/traj.pdb 1.112536
PDBfit//414/37/traj.pdb 1.159221
PDBfit//414/74/traj.pdb 0.855905
PDBfit//416/7/traj.pdb 0.788437
PDBfit//416/89/traj.pdb 1.110345
PDBfit//416/91/traj.pdb 1.075939
PDBfit//416/92/traj.pdb 0.908420
PDBfit//417/4/traj.pdb 0.781626
PDBfit//417/25/traj.pdb 0.766998
PDBfit//417/54/traj.pdb 0.874962
PDBfit//418/95/traj.pdb 1.039259
PDBfit//418/97/traj.pdb 0.767337
PDBfit//420/36/traj.pdb 1.352765
PDBfit//420/64/traj.pdb 0.837946
PDBfit//420/65/traj.pdb 0.676015
PDBfit//421/42/traj.pdb 0.880781
PDBfit//421/54/traj.pdb 0.861881
PDBfit//422/23/traj.pdb 0.690477
PDBfit//422/26/traj.pdb 0.906477
PDBfit//422/66/traj.pdb 1.003284
PDBfit//422/83/traj.pdb 1.007486
PDBfit//423/10/traj.pdb 0.680546
PDBfit//423/12/traj.pdb 1.015740
PDBfit//423/13/traj.pdb 0.699073
PDBfit//423/79/traj.pdb 0.687665
PDBfit//423/81/traj.pdb 0.871447
PDBfit//425/2/traj.pdb 0.883288
PDBfit//425/38/traj.pdb 1.038860
PDBfit//427/22/traj.pdb 1.324554
PDBfit//427/41/traj.pdb 0.781315
PDBfit//427/46/traj.pdb 0.788098
PDBfit//427/75/traj.pdb 0.878720
PDBfit//427/76/traj.pdb 0.936293
PDBfit//427/98/traj.pdb 1.210279
PDBfit//428/35/traj.pdb 1.135104
PDBfit//428/36/traj.pdb 1.265945
PDBfit//429/60/traj.pdb 0.897975
PDBfit//429/62/traj.pdb 0.833438
PDBfit//429/63/traj.pdb 0.712832
PDBfit//429/95/traj.pdb 0.831482
PDBfit//430/16/traj.pdb 0.971849
PDBfit//430/43/traj.pdb 0.844286
PDBfit//430/45/traj.pdb 1.006416
PDBfit//430/47/traj.pdb 1.084877
PDBfit//430/67/traj.pdb 1.085818
PDBfit//432/71/traj.pdb 1.227089
PDBfit//433/97/traj.pdb 1.077555
PDBfit//434/90/traj.pdb 0.943652
PDBfit//435/48/traj.pdb 0.909767
PDBfit//435/59/traj.pdb 0.852190
PDBfit//435/97/traj.pdb 0.650171
PDBfit//436/15/traj.pdb 0.906548
PDBfit//437/58/traj.pdb 1.025640
PDBfit//440/38/traj.pdb 0.631883
PDBfit//440/94/traj.pdb 1.122656
PDBfit//441/95/traj.pdb 0.771505
PDBfit//442/3/traj.pdb 1.027035
PDBfit//442/11/traj.pdb 1.077638
PDBfit//442/24/traj.pdb 0.755164
PDBfit//442/25/traj.pdb 1.270479
PDBfit//442/28/traj.pdb 0.787178
PDBfit//442/64/traj.pdb 0.810668
PDBfit//443/27/traj.pdb 0.820710
PDBfit//443/28/traj.pdb 0.756970
PDBfit//443/32/traj.pdb 0.643492
PDBfit//443/34/traj.pdb 0.660709
PDBfit//443/35/traj.pdb 0.760942
PDBfit//443/61/traj.pdb 0.658240
PDBfit//443/86/traj.pdb 0.813185
PDBfit//444/23/traj.pdb 0.909665
PDBfit//444/45/traj.pdb 0.921947
PDBfit//444/47/traj.pdb 0.757194
PDBfit//444/67/traj.pdb 0.842359
PDBfit//445/38/traj.pdb 0.898746
PDBfit//445/75/traj.pdb 0.642032
PDBfit//446/11/traj.pdb 1.304341
PDBfit//447/8/traj.pdb 0.995046
PDBfit//447/9/traj.pdb 0.987201
PDBfit//447/14/traj.pdb 0.765222
PDBfit//447/54/traj.pdb 1.097847
PDBfit//447/56/traj.pdb 0.816981
PDBfit//447/76/traj.pdb 0.845024
PDBfit//448/95/traj.pdb 0.900539
PDBfit//448/98/traj.pdb 0.867101
PDBfit//448/99/traj.pdb 0.724353
PDBfit//449/0/traj.pdb 1.164598
PDBfit//449/1/traj.pdb 0.699712
PDBfit//449/8/traj.pdb 1.107335
PDBfit//450/18/traj.pdb 0.796505
PDBfit//450/22/traj.pdb 0.730696
PDBfit//450/23/traj.pdb 0.610253
PDBfit//450/29/traj.pdb 0.864132
PDBfit//450/61/traj.pdb 0.683253
PDBfit//450/62/traj.pdb 0.812977
PDBfit//451/3/traj.pdb 1.105029
PDBfit//451/4/traj.pdb 0.923124
PDBfit//451/8/traj.pdb 1.085986
PDBfit//451/54/traj.pdb 0.532751
PDBfit//451/64/traj.pdb 0.929252
PDBfit//451/68/traj.pdb 1.282607
PDBfit//452/41/traj.pdb 0.934308
PDBfit//452/57/traj.pdb 0.734269
PDBfit//452/59/traj.pdb 0.470992
PDBfit//452/65/traj.pdb 0.955099
PDBfit//452/71/traj.pdb 0.595373
PDBfit//452/73/traj.pdb 0.973539
PDBfit//452/80/traj.pdb 0.495109
PDBfit//452/81/traj.pdb 1.042571
PDBfit//452/82/traj.pdb 1.036449
PDBfit//452/84/traj.pdb 1.008597
PDBfit//452/86/traj.pdb 0.980098
PDBfit//453/67/traj.pdb 0.949146
PDBfit//453/69/traj.pdb 0.736919
PDBfit//454/5/traj.pdb 1.014121
PDBfit//454/9/traj.pdb 1.117457
PDBfit//454/17/traj.pdb 0.942151
PDBfit//454/41/traj.pdb 1.065409
PDBfit//454/45/traj.pdb 1.237081
PDBfit//454/47/traj.pdb 0.686571
PDBfit//454/91/traj.pdb 0.861138
PDBfit//456/5/traj.pdb 0.763934
PDBfit//457/7/traj.pdb 0.564626
PDBfit//457/55/traj.pdb 1.037397
PDBfit//457/56/traj.pdb 0.558254
PDBfit//457/72/traj.pdb 0.890598
PDBfit//457/87/traj.pdb 1.026121
PDBfit//457/88/traj.pdb 0.734680
PDBfit//457/90/traj.pdb 1.174844
PDBfit//458/60/traj.pdb 0.934355
PDBfit//458/63/traj.pdb 0.707350
PDBfit//458/71/traj.pdb 0.573152
PDBfit//458/72/traj.pdb 1.076127
PDBfit//458/78/traj.pdb 1.227057
PDBfit//458/84/traj.pdb 0.962610
PDBfit//458/86/traj.pdb 1.247997
PDBfit//458/88/traj.pdb 0.934421
PDBfit//459/34/traj.pdb 0.884889
PDBfit//459/88/traj.pdb 0.803923
PDBfit//459/89/traj.pdb 0.962627
PDBfit//460/25/traj.pdb 1.033671
PDBfit//460/75/traj.pdb 0.775645
PDBfit//460/77/traj.pdb 1.107502
PDBfit//460/78/traj.pdb 0.980717
PDBfit//460/86/traj.pdb 1.111449
PDBfit//461/4/traj.pdb 0.925130
PDBfit//461/37/traj.pdb 0.986212
PDBfit//461/97/traj.pdb 0.669684
PDBfit//462/54/traj.pdb 1.125829
PDBfit//462/56/traj.pdb 0.941859
PDBfit//462/73/traj.pdb 0.823559
PDBfit//463/23/traj.pdb 0.943302
PDBfit//463/41/traj.pdb 1.009773
PDBfit//463/73/traj.pdb 0.871900
PDBfit//464/8/traj.pdb 0.902188
PDBfit//464/9/traj.pdb 0.765841
PDBfit//464/40/traj.pdb 1.078264
PDBfit//464/41/traj.pdb 0.801225
PDBfit//464/58/traj.pdb 1.002842
PDBfit//466/40/traj.pdb 1.699652
PDBfit//470/1/traj.pdb 1.002993
PDBfit//470/12/traj.pdb 1.016851
PDBfit//470/39/traj.pdb 1.122110
PDBfit//473/67/traj.pdb 1.274149
PDBfit//474/41/traj.pdb 1.097131
PDBfit//476/99/traj.pdb 0.811685
PDBfit//477/60/traj.pdb 0.746638
PDBfit//479/82/traj.pdb 0.891827
PDBfit//479/90/traj.pdb 0.665469
PDBfit//483/69/traj.pdb 0.945995
PDBfit//487/57/traj.pdb 0.821245
PDBfit//489/44/traj.pdb 0.959962
PDBfit//493/40/traj.pdb 1.008420
PDBfit//494/67/traj.pdb 1.334712
PDBfit//495/57/traj.pdb 0.953491
PDBfit//495/59/traj.pdb 1.139950
PDBfit//496/58/traj.pdb 1.195636
PDBfit//497/89/traj.pdb 0.859828
PDBfit//499/73/traj.pdb 0.990985
