t            49990   115
  t.1            751     0
  t.2            919     0
  t.3            309     0
  t.4            768     0
  t.5            338     0
  t.6            497     0
  t.7            498     0
  t.8            815     0
  t.9            357     0
  t.10          1088     0
  t.11          1116     0
  t.12           203     0
  t.13           848     0
  t.14           544     0
  t.15           177     0
  t.16           291     0
  t.17           214     0
  t.18           200     0
  t.19           280     0
  t.20           324     0
  t.21           189     0
  t.22          1094     0
  t.23          1018     0
  t.24           569     0
  t.25           148     0
  t.26          1616     0
  t.27           685     0
  t.28           294     0
  t.29           626     0
  t.30           544     0
  t.31           892     0
  t.32           163     0
  t.33           780     0
  t.34           545     0
  t.35           297     0
  t.36           802     0
  t.37           373     0
  t.38          1242     0
  t.39           871     0
  t.40           119     0
  t.41           324     0
  t.42          1179     0
  t.43           974     0
  t.44          1323     0
  t.45           190     0
  t.46           128     0
  t.47           120     0
  t.48           873     0
  t.49           206     0
  t.50           211     0
  t.51           144     0
  t.52          2249     0
  t.53           141     0
  t.54           377     0
  t.55           578     0
  t.56           121     0
  t.57           792     0
  t.58          1422     0
  t.59           207     0
  t.60           680     0
  t.61          1106     0
  t.62           775     0
  t.63           200     0
  t.64            85     0
  t.65           506     0
  t.66           176     0
  t.67           673     0
  t.68           117     0
  t.69           370     0
  t.70           389     0
  t.71           110     0
  t.72           657     0
  t.73           117     0
  t.74           320     0
  t.75           521     0
  t.76           239     0
  t.77           767     0
  t.78           502     0
  t.79           647     0
  t.80           216     0
  t.81           346     0
  t.82           652     0
  t.83            55     0
  t.84            74     0
  t.85           347     0
  t.86            82     0
  t.87            40     0
  t.88           336     0
  t.89           112     0
  t.90           187     0
  t.91           335     0
  t.92           156     0
  t.93           434     0
  t.94           210     0
  t.95           164     0
  t.96             1     0
  t.97           200     0
  t.98           326     0
  t.99           239     0
  t.100           52     0
  t.101           51     0
  t.102          144     0
  t.103           55     0
  t.104          229     0
  t.105           17     0
  t.106          129     0
  t.107           71     0
  t.108           90     0
  t.109          100     0
  t.110          172     0
  t.111            3     0
  t.112          388     0
  t.113           33     0
  t.114           21     0
  t.115            3     0
