#Cluster   Frames     Frac  AvgDist    Stdev Centroid AvgCDist
       0    33718    0.169    2.519    0.725    99971    7.325
       1    31203    0.156    3.537    0.875    52176    5.939
       2    25061    0.125    4.184    0.806   104506    6.017
       3     9787    0.049    3.039    0.816    20901    6.449
       4     7508    0.038    3.834    0.910    85176    6.053
       5     5879    0.029    3.830    1.008   189561    5.822
       6     4768    0.024    4.049    0.765    50746    5.932
       7     4486    0.022    2.596    0.754    46681    6.586
       8     4405    0.022    3.821    0.802   116416    5.903
       9     3504    0.018    4.010    0.787    44311    6.044
      10     2960    0.015    4.127    0.899    61851    6.045
      11     2933    0.015    3.269    0.894   175711    6.554
      12     2839    0.014    3.765    0.796    38771    6.057
      13     2752    0.014    3.873    0.866   154796    6.092
      14     2475    0.012    3.754    0.962   119711    6.584
      15     2448    0.012    3.675    1.036   157041    6.215
      16     2376    0.012    3.677    0.770   145916    5.882
      17     2273    0.011    4.236    0.773    88216    5.922
      18     1939    0.010    4.032    0.779   191116    5.928
      19     1875    0.009    4.020    0.705   104211    6.309
      20     1853    0.009    3.996    0.830   181256    6.068
      21     1848    0.009    3.752    0.875    52901    5.780
      22     1716    0.009    3.995    0.790    50281    5.839
      23     1448    0.007    4.071    0.741    50066    6.006
      24     1368    0.007    4.189    0.747   118106    6.024
      25     1333    0.007    3.733    0.822    34006    6.005
      26     1321    0.007    3.943    0.746    62816    6.070
      27     1304    0.007    3.962    0.805   180591    5.957
      28     1273    0.006    4.181    0.736    57856    5.913
      29     1249    0.006    3.851    0.706    93611    5.917
      30     1103    0.006    3.901    0.821   115926    5.903
      31     1027    0.005    3.767    0.674    15006    6.305
      32     1026    0.005    3.724    0.901   184316    5.940
      33     1024    0.005    3.778    0.589     4266    5.843
      34     1023    0.005    4.170    0.764    66911    6.098
      35     1000    0.005    4.031    0.882    42351    5.948
      36      986    0.005    4.054    0.734    82256    5.893
      37      951    0.005    3.270    0.615     8501    6.000
      38      821    0.004    4.025    0.714   158741    6.041
      39      801    0.004    4.098    0.755   102936    6.189
      40      798    0.004    3.636    1.086   112881    6.523
      41      735    0.004    3.480    0.787   159531    6.400
      42      714    0.004    4.222    0.660    30851    6.056
      43      669    0.003    3.892    0.778    76146    6.081
      44      644    0.003    4.225    0.783    33746    5.820
      45      637    0.003    3.527    0.825    91966    6.026
      46      620    0.003    3.759    0.898   176351    6.077
      47      610    0.003    3.127    0.812   108206    6.141
      48      563    0.003    3.804    0.722    67961    6.213
      49      557    0.003    3.881    0.841     1151    6.110
      50      538    0.003    3.879    0.807   141911    6.105
      51      503    0.003    3.877    0.739   111696    5.875
      52      477    0.002    3.764    0.844   120781    5.921
      53      474    0.002    3.985    0.806   157821    6.232
      54      474    0.002    3.843    0.731   176866    6.036
      55      438    0.002    4.037    0.757   118706    5.874
      56      432    0.002    3.967    0.887    58621    6.046
      57      425    0.002    4.049    0.846   182676    6.100
      58      407    0.002    3.962    0.716    91456    5.969
      59      403    0.002    4.100    0.822    66556    6.158
      60      400    0.002    3.844    0.625    89591    5.738
      61      398    0.002    3.607    0.722    61246    5.829
      62      398    0.002    3.704    0.780    51181    5.913
      63      389    0.002    3.915    0.741    74881    6.200
      64      384    0.002    3.712    0.743    79646    5.974
      65      374    0.002    3.238    0.755   145141    6.164
      66      367    0.002    3.793    0.895   159161    6.033
      67      349    0.002    3.787    0.944   172061    5.976
      68      335    0.002    4.047    0.619    93106    5.933
      69      279    0.001    3.933    0.712    93081    5.921
      70      269    0.001    3.833    0.774    92046    6.296
      71      266    0.001    3.921    0.756   113616    5.879
      72      260    0.001    4.012    0.746     2761    5.999
      73      259    0.001    3.378    0.819    49336    6.394
      74      240    0.001    3.801    0.798   159986    6.001
      75      201    0.001    3.795    0.628    49561    5.942
      76      197    0.001    3.788    0.724    70861    5.880
      77      196    0.001    3.719    0.915   113821    5.972
      78      190    0.001    4.214    0.785    51076    6.257
      79      187    0.001    4.139    0.749   141271    6.070
      80      186    0.001    4.028    0.776    23771    6.078
      81      180    0.001    3.428    0.710   155846    6.194
      82      164    0.001    3.929    0.648   184061    5.815
      83      162    0.001    4.060    0.653    68121    6.051
      84      160    0.001    3.540    0.539    92366    6.011
      85      157    0.001    3.750    0.511    51326    5.937
      86      153    0.001    3.912    0.664    75776    6.092
      87      153    0.001    3.868    0.745    61106    5.964
      88      143    0.001    3.253    0.471   104471    5.980
      89      125    0.001    3.596    0.672    82071    5.933
      90      123    0.001    3.671    0.564   190856    6.036
      91      119    0.001    3.693    0.699   118731    5.925
      92      111    0.001    3.576    0.804    75421    6.048
      93      102    0.001    3.290    0.543    39146    6.216
      94       99    0.000    4.079    0.781    34736    5.972
      95       92    0.000    3.510    0.371    60396    6.285
      96       84    0.000    3.431    0.446   100621    5.914
      97       83    0.000    3.476    0.680    44916    6.084
      98       78    0.000    3.796    0.619    23676    5.899
      99       78    0.000    2.897    1.388    79251    6.138
     100       74    0.000    3.335    0.000    23131    5.944
     101       72    0.000    3.478    0.626    60111    6.009
     102       66    0.000    3.641    0.398    92636    6.105
     103       63    0.000    3.834    0.543   111681    5.804
     104       62    0.000    3.069    0.296   112076    5.850
     105       62    0.000    3.159    0.000    92376    5.915
     106       62    0.000    3.195    0.613    92876    5.966
     107       53    0.000    3.605    0.538    17631    6.357
     108       49    0.000    3.958    0.663    12611    5.878
     109       42    0.000    3.856    0.631    91286    6.008
     110       36    0.000    3.681    0.556   155781    6.079
     111       35    0.000    4.053    0.831   112586    5.983
     112       31    0.000    0.000    0.000   112391    6.444
     113       15    0.000    3.655    0.000    33186    6.043
     114        6    0.000    0.000    0.000   181561    6.170
